#
# There is insufficient memory for the Java Runtime Environment to continue.
# Native memory allocation (malloc) failed to allocate 10176 bytes for AllocateHeap
# Possible reasons:
#   The system is out of physical RAM or swap space
#   In 32 bit mode, the process size limit was hit
# Possible solutions:
#   Reduce memory load on the system
#   Increase physical memory or swap space
#   Check if swap backing store is full
#   Use 64 bit Java on a 64 bit OS
#   Decrease Java heap size (-Xmx/-Xms)
#   Decrease number of Java threads
#   Decrease Java thread stack sizes (-Xss)
#   Set larger code cache with -XX:ReservedCodeCacheSize=
# This output file may be truncated or incomplete.
#
#  Out of Memory Error (memory/allocation.inline.hpp:61), pid=20732, tid=0x0000000000007cc4
#
# JRE version: Java(TM) SE Runtime Environment (8.0_121-b13) (build 1.8.0_121-b13)
# Java VM: Java HotSpot(TM) 64-Bit Server VM (25.121-b13 mixed mode windows-amd64 compressed oops)
# Failed to write core dump. Minidumps are not enabled by default on client versions of Windows
#

---------------  T H R E A D  ---------------

Current thread (0x000000001832b800):  JavaThread "C1 CompilerThread2" daemon [_thread_in_vm, id=31940, stack(0x0000000019b60000,0x0000000019c60000)]

Stack: [0x0000000019b60000,0x0000000019c60000]
[error occurred during error reporting (printing stack bounds), id 0xc0000005]

Native frames: (J=compiled Java code, j=interpreted, Vv=VM code, C=native code)


Current CompileTask:
C1:    499  408       1       jdk.internal.org.objectweb.asm.Frame::execute (2252 bytes)


---------------  P R O C E S S  ---------------

Java Threads: ( => current thread )
  0x000000001837e800 JavaThread "Service Thread" daemon [_thread_blocked, id=34948, stack(0x000000001a060000,0x000000001a160000)]
=>0x000000001832b800 JavaThread "C1 CompilerThread2" daemon [_thread_in_vm, id=31940, stack(0x0000000019b60000,0x0000000019c60000)]
  0x0000000018326800 JavaThread "C2 CompilerThread1" daemon [_thread_blocked, id=23280, stack(0x0000000019a60000,0x0000000019b60000)]
  0x0000000018324000 JavaThread "C2 CompilerThread0" daemon [_thread_blocked, id=15560, stack(0x0000000019960000,0x0000000019a60000)]
  0x0000000018323000 JavaThread "Attach Listener" daemon [_thread_blocked, id=25736, stack(0x0000000019860000,0x0000000019960000)]
  0x0000000018321800 JavaThread "Signal Dispatcher" daemon [_thread_blocked, id=29660, stack(0x0000000019760000,0x0000000019860000)]
  0x00000000036fe000 JavaThread "Finalizer" daemon [_thread_blocked, id=22380, stack(0x0000000019570000,0x0000000019670000)]
  0x00000000182e8800 JavaThread "Reference Handler" daemon [_thread_blocked, id=38880, stack(0x0000000019470000,0x0000000019570000)]
  0x0000000003604000 JavaThread "main" [_thread_blocked, id=33892, stack(0x0000000003500000,0x0000000003600000)]

Other Threads:
  0x00000000182e7000 VMThread [stack: 0x0000000019370000,0x0000000019470000] [id=22684]

VM state:not at safepoint (normal execution)

VM Mutex/Monitor currently owned by a thread:  ([mutex/lock_event])
[0x00000000033de840] CodeCache_lock - owner thread: 0x000000001832b800
[0x0000000003601ae0] Compile_lock - owner thread: 0x000000001832b800
[0x0000000003602260] MethodCompileQueue_lock - owner thread: 0x000000001832b800

Heap:
 PSYoungGen      total 38400K, used 5990K [0x00000000d5580000, 0x00000000d8000000, 0x0000000100000000)
  eden space 33280K, 18% used [0x00000000d5580000,0x00000000d5b59a10,0x00000000d7600000)
  from space 5120K, 0% used [0x00000000d7b00000,0x00000000d7b00000,0x00000000d8000000)
  to   space 5120K, 0% used [0x00000000d7600000,0x00000000d7600000,0x00000000d7b00000)
 ParOldGen       total 87552K, used 0K [0x0000000080000000, 0x0000000085580000, 0x00000000d5580000)
  object space 87552K, 0% used [0x0000000080000000,0x0000000080000000,0x0000000085580000)
 Metaspace       used 6151K, capacity 6264K, committed 6528K, reserved 1060864K
  class space    used 763K, capacity 808K, committed 896K, reserved 1048576K

Card table byte_map: [0x0000000012ac0000,0x0000000012ed0000] byte_map_base: 0x00000000126c0000

Marking Bits: (ParMarkBitMap*) 0x0000000074aab6d0
 Begin Bits: [0x0000000013580000, 0x0000000015580000)
 End Bits:   [0x0000000015580000, 0x0000000017580000)

Polling page: 0x0000000003340000

CodeCache: size=245760Kb used=1615Kb max_used=1615Kb free=244144Kb
 bounds [0x0000000003700000, 0x0000000003970000, 0x0000000012700000]
 total_blobs=736 nmethods=409 adapters=240
 compilation: enabled

Compilation events (10 events):
Event: 0.484 Thread 0x000000001832b800 nmethod 398 0x0000000003889810 code [0x0000000003889980, 0x0000000003889b88]
Event: 0.484 Thread 0x000000001832b800  399       1       sun.invoke.util.VerifyAccess::isSamePackage (114 bytes)
Event: 0.487 Thread 0x000000001832b800 nmethod 399 0x0000000003889dd0 code [0x000000000388a000, 0x000000000388a8b8]
Event: 0.487 Thread 0x000000001832b800  401       1       java.lang.invoke.MemberName::isConstructor (7 bytes)
Event: 0.487 Thread 0x000000001832b800 nmethod 401 0x000000000388b3d0 code [0x000000000388b520, 0x000000000388b650]
Event: 0.487 Thread 0x000000001832b800  402       1       java.lang.invoke.MethodType::makeImpl (66 bytes)
Event: 0.488 Thread 0x000000001832b800 nmethod 402 0x000000000388bad0 code [0x000000000388bc80, 0x000000000388c088]
Event: 0.488 Thread 0x000000001832b800  406       1       java.lang.invoke.MemberName::getMethodOrFieldType (72 bytes)
Event: 0.489 Thread 0x000000001832b800 nmethod 406 0x000000000388c2d0 code [0x000000000388c4e0, 0x000000000388cb48]
Event: 0.489 Thread 0x000000001832b800  408       1       jdk.internal.org.objectweb.asm.Frame::execute (2252 bytes)

GC Heap History (0 events):
No events

Deoptimization events (0 events):
No events

Internal exceptions (10 events):
Event: 0.240 Thread 0x0000000003604000 Exception <a 'java/lang/ArrayIndexOutOfBoundsException'> (0x00000000d5741678) thrown at [C:\re\workspace\8-2-build-windows-amd64-cygwin\jdk8u121\8372\hotspot\src\share\vm\runtime\sharedRuntime.cpp, line 605]
Event: 0.247 Thread 0x0000000003604000 Exception <a 'java/lang/ArrayIndexOutOfBoundsException'> (0x00000000d5767240) thrown at [C:\re\workspace\8-2-build-windows-amd64-cygwin\jdk8u121\8372\hotspot\src\share\vm\runtime\sharedRuntime.cpp, line 605]
Event: 0.254 Thread 0x0000000003604000 Exception <a 'java/lang/ArrayIndexOutOfBoundsException'> (0x00000000d5776c28) thrown at [C:\re\workspace\8-2-build-windows-amd64-cygwin\jdk8u121\8372\hotspot\src\share\vm\runtime\sharedRuntime.cpp, line 605]
Event: 0.290 Thread 0x0000000003604000 Exception <a 'java/security/PrivilegedActionException'> (0x00000000d57c4478) thrown at [C:\re\workspace\8-2-build-windows-amd64-cygwin\jdk8u121\8372\hotspot\src\share\vm\prims\jvm.cpp, line 1390]
Event: 0.290 Thread 0x0000000003604000 Exception <a 'java/security/PrivilegedActionException'> (0x00000000d57c4688) thrown at [C:\re\workspace\8-2-build-windows-amd64-cygwin\jdk8u121\8372\hotspot\src\share\vm\prims\jvm.cpp, line 1390]
Event: 0.292 Thread 0x0000000003604000 Exception <a 'java/security/PrivilegedActionException'> (0x00000000d57c82f8) thrown at [C:\re\workspace\8-2-build-windows-amd64-cygwin\jdk8u121\8372\hotspot\src\share\vm\prims\jvm.cpp, line 1390]
Event: 0.292 Thread 0x0000000003604000 Exception <a 'java/security/PrivilegedActionException'> (0x00000000d57c8508) thrown at [C:\re\workspace\8-2-build-windows-amd64-cygwin\jdk8u121\8372\hotspot\src\share\vm\prims\jvm.cpp, line 1390]
Event: 0.432 Thread 0x0000000003604000 Exception <a 'java/lang/ClassNotFoundException': javax/management/remote/rmi/RMIJRMPServerImpl$ExportedWrapper_Stub> (0x00000000d59d3490) thrown at [C:\re\workspace\8-2-build-windows-amd64-cygwin\jdk8u121\8372\hotspot\src\share\vm\classfile\systemDictiona
Event: 0.484 Thread 0x0000000003604000 Exception <a 'java/lang/NoSuchFieldError': method resolution failed> (0x00000000d5aadc78) thrown at [C:\re\workspace\8-2-build-windows-amd64-cygwin\jdk8u121\8372\hotspot\src\share\vm\prims\methodHandles.cpp, line 1146]
Event: 0.489 Thread 0x0000000003604000 Exception <a 'java/lang/NoSuchFieldError': method resolution failed> (0x00000000d5abb468) thrown at [C:\re\workspace\8-2-build-windows-amd64-cygwin\jdk8u121\8372\hotspot\src\share\vm\prims\methodHandles.cpp, line 1146]

Events (10 events):
Event: 0.484 loading class java/lang/IllegalAccessException
Event: 0.484 loading class java/lang/IllegalAccessException done
Event: 0.491 loading class java/lang/invoke/LambdaFormEditor
Event: 0.492 loading class java/lang/invoke/LambdaFormEditor done
Event: 0.492 loading class java/lang/invoke/LambdaFormEditor$Transform$Kind
Event: 0.492 loading class java/lang/invoke/LambdaFormEditor$Transform$Kind done
Event: 0.492 loading class java/lang/invoke/LambdaFormEditor$Transform
Event: 0.492 loading class java/lang/invoke/LambdaFormEditor$Transform done
Event: 0.492 loading class java/lang/invoke/LambdaFormBuffer
Event: 0.492 loading class java/lang/invoke/LambdaFormBuffer done


Dynamic libraries:
0x00007ff786ec0000 - 0x00007ff786ef7000 	C:\Program Files\Java\jre1.8.0_121\bin\javaw.exe
0x00007ff83f120000 - 0x00007ff83f301000 	C:\WINDOWS\SYSTEM32\ntdll.dll
0x00007ff83cd60000 - 0x00007ff83ce12000 	C:\WINDOWS\System32\KERNEL32.DLL
0x00007ff83b4f0000 - 0x00007ff83b763000 	C:\WINDOWS\System32\KERNELBASE.dll
0x00007ff83c6b0000 - 0x00007ff83c751000 	C:\WINDOWS\System32\ADVAPI32.dll
0x00007ff83d710000 - 0x00007ff83d7ae000 	C:\WINDOWS\System32\msvcrt.dll
0x00007ff83c650000 - 0x00007ff83c6ab000 	C:\WINDOWS\System32\sechost.dll
0x00007ff83cb60000 - 0x00007ff83cc84000 	C:\WINDOWS\System32\RPCRT4.dll
0x00007ff83ce90000 - 0x00007ff83d020000 	C:\WINDOWS\System32\USER32.dll
0x00007ff83c4e0000 - 0x00007ff83c500000 	C:\WINDOWS\System32\win32u.dll
0x00007ff83ed90000 - 0x00007ff83edb8000 	C:\WINDOWS\System32\GDI32.dll
0x00007ff83bac0000 - 0x00007ff83bc52000 	C:\WINDOWS\System32\gdi32full.dll
0x00007ff83c440000 - 0x00007ff83c4df000 	C:\WINDOWS\System32\msvcp_win.dll
0x00007ff83b960000 - 0x00007ff83ba5a000 	C:\WINDOWS\System32\ucrtbase.dll
0x00007ff8396c0000 - 0x00007ff839929000 	C:\WINDOWS\WinSxS\amd64_microsoft.windows.common-controls_6595b64144ccf1df_6.0.17134.472_none_fb3f9af53068156d\COMCTL32.dll
0x00007ff83edc0000 - 0x00007ff83f0e2000 	C:\WINDOWS\System32\combase.dll
0x00007ff83bcb0000 - 0x00007ff83bd2a000 	C:\WINDOWS\System32\bcryptPrimitives.dll
0x00007ff83d0b0000 - 0x00007ff83d0dd000 	C:\WINDOWS\System32\IMM32.DLL
0x00007ff83b2d0000 - 0x00007ff83b32d000 	C:\Program Files\Citrix\System32\MfApHook64.dll
0x00007ff83ac20000 - 0x00007ff83ac4b000 	C:\Program Files\Citrix\ICAService\CtxDodHook64.dll
0x00007ff83b1f0000 - 0x00007ff83b222000 	C:\Program Files\Citrix\ICAService\picaFullScreenHookX64.dll
0x00007ff83abd0000 - 0x00007ff83ac1e000 	C:\Program Files\Citrix\ICAService\ShellHook64.dll
0x00007ff83d8a0000 - 0x00007ff83ece0000 	C:\WINDOWS\System32\SHELL32.dll
0x00007ff83bc60000 - 0x00007ff83bca9000 	C:\WINDOWS\System32\cfgmgr32.dll
0x00007ff83ece0000 - 0x00007ff83ed89000 	C:\WINDOWS\System32\shcore.dll
0x00007ff83bd30000 - 0x00007ff83c43d000 	C:\WINDOWS\System32\windows.storage.dll
0x00007ff83cae0000 - 0x00007ff83cb31000 	C:\WINDOWS\System32\shlwapi.dll
0x00007ff83b4d0000 - 0x00007ff83b4e1000 	C:\WINDOWS\System32\kernel.appcore.dll
0x00007ff83b4b0000 - 0x00007ff83b4cf000 	C:\WINDOWS\System32\profapi.dll
0x00007ff83b460000 - 0x00007ff83b4ac000 	C:\WINDOWS\System32\powrprof.dll
0x00007ff83b450000 - 0x00007ff83b45a000 	C:\WINDOWS\System32\FLTLIB.DLL
0x00007ff83aa30000 - 0x00007ff83abac000 	C:\Program Files\Citrix\ICAService\SCardHook64.dll
0x00007ff83a990000 - 0x00007ff83a9ba000 	C:\Program Files\Citrix\ICAService\cxinjime64.dll
0x00007ff83a6e0000 - 0x00007ff83a728000 	C:\Program Files\Citrix\ICAService\PicaWtsHook64.dll
0x0000000073ff0000 - 0x00000000740c2000 	C:\Program Files\Java\jre1.8.0_121\bin\msvcr100.dll
0x0000000074290000 - 0x0000000074b2b000 	C:\Program Files\Java\jre1.8.0_121\bin\server\jvm.dll
0x00007ff83d0a0000 - 0x00007ff83d0a8000 	C:\WINDOWS\System32\PSAPI.DLL
0x00007ff834dc0000 - 0x00007ff834de3000 	C:\WINDOWS\SYSTEM32\WINMM.dll
0x00007ff83b0e0000 - 0x00007ff83b0ea000 	C:\WINDOWS\SYSTEM32\VERSION.dll
0x00007ff82ab70000 - 0x00007ff82ab79000 	C:\WINDOWS\SYSTEM32\WSOCK32.dll
0x00007ff834d90000 - 0x00007ff834dba000 	C:\WINDOWS\SYSTEM32\WINMMBASE.dll
0x00007ff83ce20000 - 0x00007ff83ce8c000 	C:\WINDOWS\System32\WS2_32.dll
0x00000000741a0000 - 0x00000000741af000 	C:\Program Files\Java\jre1.8.0_121\bin\verify.dll
0x0000000074170000 - 0x0000000074199000 	C:\Program Files\Java\jre1.8.0_121\bin\java.dll
0x0000000074150000 - 0x0000000074166000 	C:\Program Files\Java\jre1.8.0_121\bin\zip.dll
0x0000000073fe0000 - 0x0000000073fed000 	C:\Program Files\Java\jre1.8.0_121\bin\management.dll
0x0000000074130000 - 0x000000007414a000 	C:\Program Files\Java\jre1.8.0_121\bin\net.dll
0x00007ff83a120000 - 0x00007ff83a186000 	C:\WINDOWS\system32\mswsock.dll
0x0000000074110000 - 0x0000000074121000 	C:\Program Files\Java\jre1.8.0_121\bin\nio.dll
0x00007ff831ac0000 - 0x00007ff831ad6000 	C:\WINDOWS\system32\napinsp.dll
0x00007ff831ae0000 - 0x00007ff831afa000 	C:\WINDOWS\system32\pnrpnsp.dll
0x00007ff836e30000 - 0x00007ff836e49000 	C:\WINDOWS\system32\NLAapi.dll
0x00007ff839ee0000 - 0x00007ff839f9e000 	C:\WINDOWS\SYSTEM32\DNSAPI.dll
0x00007ff83cb40000 - 0x00007ff83cb48000 	C:\WINDOWS\System32\NSI.dll
0x00007ff839ea0000 - 0x00007ff839ed8000 	C:\WINDOWS\SYSTEM32\IPHLPAPI.DLL
0x00007ff831b00000 - 0x00007ff831b0e000 	C:\WINDOWS\System32\winrnr.dll
0x00007ff833b90000 - 0x00007ff833b9a000 	C:\Windows\System32\rasadhlp.dll
0x00007ff834730000 - 0x00007ff8347a2000 	C:\WINDOWS\System32\fwpuclnt.dll
0x00007ff83aca0000 - 0x00007ff83acc5000 	C:\WINDOWS\SYSTEM32\bcrypt.dll
0x00007ff83a2d0000 - 0x00007ff83a2e7000 	C:\WINDOWS\SYSTEM32\CRYPTSP.dll
0x00007ff839d00000 - 0x00007ff839d33000 	C:\WINDOWS\system32\rsaenh.dll
0x00007ff83b330000 - 0x00007ff83b358000 	C:\WINDOWS\SYSTEM32\USERENV.dll
0x00007ff83a2f0000 - 0x00007ff83a2fb000 	C:\WINDOWS\SYSTEM32\CRYPTBASE.dll
0x00007ff8345b0000 - 0x00007ff8345c6000 	C:\WINDOWS\SYSTEM32\dhcpcsvc6.DLL
0x00007ff834640000 - 0x00007ff83465a000 	C:\WINDOWS\SYSTEM32\dhcpcsvc.DLL

VM Arguments:
jvm_args: -Dcom.sun.management.jmxremote -Dcom.sun.management.jmxremote.port=60115 -Dcom.sun.management.jmxremote.authenticate=false -Dcom.sun.management.jmxremote.ssl=false -Djava.rmi.server.hostname=localhost -Dspring.liveBeansView.mbeanDomain -Dspring.application.admin.enabled=true -Xverify:none -XX:TieredStopAtLevel=1 -Dfile.encoding=UTF-8 
java_command: com.app.allyworld.AllyWebSite.AllyWebSiteApplication --spring.output.ansi.enabled=always
java_class_path (initial): C:\allywebsite-master\AllyWebSite\AllyWebSite\target\classes;C:\Users\pr45\.m2\repository\org\springframework\boot\spring-boot-starter\2.1.2.RELEASE\spring-boot-starter-2.1.2.RELEASE.jar;C:\Users\pr45\.m2\repository\org\springframework\boot\spring-boot-starter-logging\2.1.2.RELEASE\spring-boot-starter-logging-2.1.2.RELEASE.jar;C:\Users\pr45\.m2\repository\ch\qos\logback\logback-classic\1.2.3\logback-classic-1.2.3.jar;C:\Users\pr45\.m2\repository\ch\qos\logback\logback-core\1.2.3\logback-core-1.2.3.jar;C:\Users\pr45\.m2\repository\org\apache\logging\log4j\log4j-to-slf4j\2.11.1\log4j-to-slf4j-2.11.1.jar;C:\Users\pr45\.m2\repository\org\apache\logging\log4j\log4j-api\2.11.1\log4j-api-2.11.1.jar;C:\Users\pr45\.m2\repository\org\slf4j\jul-to-slf4j\1.7.25\jul-to-slf4j-1.7.25.jar;C:\Users\pr45\.m2\repository\javax\annotation\javax.annotation-api\1.3.2\javax.annotation-api-1.3.2.jar;C:\Users\pr45\.m2\repository\org\yaml\snakeyaml\1.23\snakeyaml-1.23.jar;C:\Users\pr45\.m2\repository\org\slf4j\slf4j-api\1.7.25\slf4j-api-1.7.25.jar;C:\Users\pr45\.m2\repository\org\springframework\spring-core\5.1.4.RELEASE\spring-core-5.1.4.RELEASE.jar;C:\Users\pr45\.m2\repository\org\springframework\spring-jcl\5.1.4.RELEASE\spring-jcl-5.1.4.RELEASE.jar;C:\Users\pr45\.m2\repository\org\apache\tomcat\embed\tomcat-embed-jasper\9.0.14\tomcat-embed-jasper-9.0.14.jar;C:\Users\pr45\.m2\repository\org\apache\tomcat\embed\tomcat-embed-core\9.0.14\tomcat-embed-core-9.0.14.jar;C:\Users\pr45\.m2\repository\org\apache\tomcat\tomcat-annotations-api\9.0.14\tomcat-annotations-api-9.0.14.jar;C:\Users\pr45\.m2\repository\org\apache\tomcat\embed\tomcat-embed-el\9.0.14\tomcat-embed-el-9.0.14.jar;C:\Users\pr45\.m2\repository\org\eclipse\jdt\ecj\3.15.0\ecj-3.15.0.jar;C:\Users\pr45\.m2\repository\org\springframework\boot\spring-boot-starter-actuator\2.1.2.RELEASE\spring-boot-starter-actuator-2.1.2.RELEASE.jar;C:\Users\pr45\.m2\repository\org\springframework\boot\spring-boot-actuator-auto
Launcher Type: SUN_STANDARD

Environment Variables:
PATH=C:/Program Files/Java/jre1.8.0_121/bin/server;C:/Program Files/Java/jre1.8.0_121/bin;C:/Program Files/Java/jre1.8.0_121/lib/amd64;C:\Python34\;C:\Python34\Scripts;C:\oraclexe\app\oracle\product\11.2.0\server\bin;C:\ProgramData\Oracle\Java\javapath;C:\WINDOWS\system32;C:\WINDOWS;C:\WINDOWS\System32\Wbem;C:\WINDOWS\System32\WindowsPowerShell\v1.0\;C:\Program Files\TortoiseSVN\bin;C:\Program Files\nodejs\;C:\Program Files\Git\cmd;C:\Program Files (x86)\Microsoft SQL Server\110\Tools\Binn\ManagementStudio\;C:\Program Files (x86)\Microsoft SQL Server\110\Tools\Binn\;C:\Program Files (x86)\Microsoft SQL Server\110\DTS\Binn\;C:\Program Files\Citrix\System32\;C:\Program Files\Citrix\ICAService\;C:\WINDOWS\System32\OpenSSH\;C:\Users\pr45\AppData\Local\Microsoft\WindowsApps;;C:\Users\pr45\Desktop\Java with Cloud\spring\spring-tool-suite-3.9.7.RELEASE-e4.10.0-win32-x86_64\sts-bundle\sts-3.9.7.RELEASE;
USERNAME=pr45
OS=Windows_NT
PROCESSOR_IDENTIFIER=Intel64 Family 15 Model 6 Stepping 1, GenuineIntel



---------------  S Y S T E M  ---------------

OS: Windows 10.0 , 64 bit Build 17134 (10.0.17134.1)

CPU:total 4 (2 cores per cpu, 1 threads per core) family 15 model 6 stepping 1, cmov, cx8, fxsr, mmx, sse, sse2, sse3, ssse3, sse4.1, sse4.2, popcnt, avx, avx2, aes, clmul, erms, rtm, 3dnowpref, lzcnt, tsc, bmi1, bmi2, adx

Memory: 4k page, physical 8388056k(796728k free), swap 18697820k(2184k free)

vm_info: Java HotSpot(TM) 64-Bit Server VM (25.121-b13) for windows-amd64 JRE (1.8.0_121-b13), built on Dec 12 2016 18:21:36 by "java_re" with MS VC++ 10.0 (VS2010)

time: Tue Feb 12 17:05:16 2019
elapsed time: 0 seconds (0d 0h 0m 0s)

